
> market-cycle-radar@0.1.0 dev
> vite --host 0.0.0.0 --port 5174 --strictPort


  [32m[1mVITE[22m v6.4.2[39m  [2mready in [0m[1m767[22m[2m[0m ms[22m

  [32m➜[39m  [1mLocal[22m:   [36mhttp://localhost:[1m5174[22m/[39m
  [32m➜[39m  [1mNetwork[22m: [36mhttp://192.168.0.39:[1m5174[22m/[39m
[2m오후 7:41:26[22m [36m[1m[vite][22m[39m [90m[2m(client)[22m[39m [32mhmr update [39m[2m/src/index.css, /src/pages/ScenarioMap.tsx, /src/pages/Dashboard.tsx, /src/pages/GroupGovernance.tsx, /src/components/StockExternalLink.tsx, /src/components/InvestmentIntelligencePanels.tsx, /src/components/Heatmap.tsx, /src/components/DecisionSupportPanels.tsx[22m
[2m오후 7:41:46[22m [36m[1m[vite][22m[39m [90m[2m(client)[22m[39m [32mhmr update [39m[2m/src/pages/Dashboard.tsx, /src/index.css[22m
[2m오후 7:42:03[22m [36m[1m[vite][22m[39m [90m[2m(client)[22m[39m [32mhmr update [39m[2m/src/pages/Screener.tsx, /src/index.css[22m
[2m오후 7:42:27[22m [36m[1m[vite][22m[39m [90m[2m(client)[22m[39m [32mhmr update [39m[2m/src/pages/Screener.tsx, /src/index.css[22m
[2m오후 7:42:44[22m [36m[1m[vite][22m[39m [90m[2m(client)[22m[39m [32mhmr update [39m[2m/src/pages/Screener.tsx, /src/index.css[22m
[2m오후 7:42:59[22m [36m[1m[vite][22m[39m [90m[2m(client)[22m[39m [32mhmr update [39m[2m/src/pages/Screener.tsx, /src/index.css[22m
[2m오후 7:43:21[22m [36m[1m[vite][22m[39m [90m[2m(client)[22m[39m [32mhmr update [39m[2m/src/pages/Screener.tsx, /src/index.css[22m
[2m오후 7:43:38[22m [36m[1m[vite][22m[39m [90m[2m(client)[22m[39m [32mhmr update [39m[2m/src/pages/Screener.tsx, /src/index.css[22m
[2m오후 7:43:58[22m [36m[1m[vite][22m[39m [90m[2m(client)[22m[39m [32mhmr update [39m[2m/src/pages/Screener.tsx, /src/index.css[22m
[2m오후 7:44:14[22m [36m[1m[vite][22m[39m [90m[2m(client)[22m[39m [32mhmr update [39m[2m/src/pages/Screener.tsx, /src/index.css[22m
[2m오후 7:44:49[22m [36m[1m[vite][22m[39m [90m[2m(client)[22m[39m [32mhmr update [39m[2m/src/pages/ScenarioMap.tsx, /src/index.css[22m
[2m오후 7:45:11[22m [36m[1m[vite][22m[39m [90m[2m(client)[22m[39m [32mhmr update [39m[2m/src/pages/ScenarioMap.tsx, /src/index.css[22m
[2m오후 7:45:28[22m [36m[1m[vite][22m[39m [90m[2m(client)[22m[39m [32mhmr update [39m[2m/src/pages/ScenarioMap.tsx, /src/index.css[22m
[2m오후 7:52:27[22m [36m[1m[vite][22m[39m [90m[2m(client)[22m[39m [32mhmr update [39m[2m/src/pages/Dashboard.tsx, /src/index.css[22m
[2m오후 7:56:14[22m [36m[1m[vite][22m[39m [90m[2m(client)[22m[39m [32mhmr update [39m[2m/src/pages/Dashboard.tsx, /src/index.css[22m
[2m오후 8:02:02[22m [36m[1m[vite][22m[39m [90m[2m(client)[22m[39m [32mhmr update [39m[2m/src/components/DataTable.tsx, /src/index.css[22m
[2m오후 8:02:23[22m [36m[1m[vite][22m[39m [90m[2m(client)[22m[39m [32mhmr update [39m[2m/src/components/DataTable.tsx, /src/index.css[22m
[2m오후 8:02:43[22m [36m[1m[vite][22m[39m [90m[2m(client)[22m[39m [32mhmr update [39m[2m/src/pages/Screener.tsx, /src/index.css[22m
[2m오후 8:03:00[22m [36m[1m[vite][22m[39m [90m[2m(client)[22m[39m [32mhmr update [39m[2m/src/pages/Screener.tsx, /src/index.css[22m
[2m오후 8:03:59[22m [36m[1m[vite][22m[39m [90m[2m(client)[22m[39m [32mhmr update [39m[2m/src/components/ValueChainTable.tsx, /src/index.css[22m
[2m오후 8:04:47[22m [36m[1m[vite][22m[39m [90m[2m(client)[22m[39m [32mhmr update [39m[2m/src/index.css[22m
[2m오후 8:07:01[22m [36m[1m[vite][22m[39m [90m[2m(client)[22m[39m [32mhmr update [39m[2m/src/pages/ValueChain.tsx, /src/index.css[22m
[2m오후 8:07:20[22m [36m[1m[vite][22m[39m [90m[2m(client)[22m[39m [32mhmr update [39m[2m/src/pages/ValueChain.tsx, /src/index.css[22m
[2m오후 8:07:40[22m [36m[1m[vite][22m[39m [90m[2m(client)[22m[39m [32mhmr update [39m[2m/src/pages/ValueChain.tsx, /src/index.css[22m
[2m오후 8:13:27[22m [36m[1m[vite][22m[39m [90m[2m(client)[22m[39m [32mhmr update [39m[2m/src/pages/ValueChain.tsx, /src/index.css[22m
[2m오후 8:15:31[22m [36m[1m[vite][22m[39m [90m[2m(client)[22m[39m [32mhmr update [39m[2m/src/pages/ValueChain.tsx, /src/index.css[22m
[2m오후 8:23:14[22m [36m[1m[vite][22m[39m [90m[2m(client)[22m[39m [32mhmr update [39m[2m/src/pages/ScenarioMap.tsx, /src/index.css[22m
[2m오후 8:24:23[22m [36m[1m[vite][22m[39m [90m[2m(client)[22m[39m [32mhmr update [39m[2m/src/pages/ScenarioMap.tsx, /src/index.css[22m
[2m오후 8:24:46[22m [36m[1m[vite][22m[39m [90m[2m(client)[22m[39m [32mhmr update [39m[2m/src/pages/ScenarioMap.tsx, /src/index.css[22m
[2m오후 8:29:35[22m [36m[1m[vite][22m[39m [90m[2m(client)[22m[39m [32mhmr update [39m[2m/src/pages/ScenarioMap.tsx, /src/index.css[22m
[2m오후 8:32:20[22m [36m[1m[vite][22m[39m [90m[2m(client)[22m[39m [32mhmr update [39m[2m/src/pages/ScenarioMap.tsx, /src/index.css[22m
[2m오후 8:42:23[22m [36m[1m[vite][22m[39m [90m[2m(client)[22m[39m [32mhmr update [39m[2m/src/index.css, /src/pages/ScenarioMap.tsx, /src/pages/Dashboard.tsx, /src/pages/GroupGovernance.tsx, /src/components/StockExternalLink.tsx, /src/components/InvestmentIntelligencePanels.tsx, /src/components/Heatmap.tsx, /src/components/DecisionSupportPanels.tsx[22m
[2m오후 8:42:39[22m [36m[1m[vite][22m[39m [90m[2m(client)[22m[39m [32mhmr update [39m[2m/src/pages/ValueChain.tsx, /src/index.css[22m
[2m오후 8:42:58[22m [36m[1m[vite][22m[39m [90m[2m(client)[22m[39m [32mhmr update [39m[2m/src/pages/ValueChain.tsx, /src/index.css[22m
[2m오후 8:43:25[22m [36m[1m[vite][22m[39m [90m[2m(client)[22m[39m [32mhmr update [39m[2m/src/pages/ValueChain.tsx, /src/index.css[22m
[2m오후 8:43:43[22m [36m[1m[vite][22m[39m [90m[2m(client)[22m[39m [32mhmr update [39m[2m/src/pages/ValueChain.tsx, /src/index.css[22m
[2m오후 8:44:08[22m [36m[1m[vite][22m[39m [90m[2m(client)[22m[39m [32mhmr update [39m[2m/src/pages/ValueChain.tsx, /src/index.css[22m
[2m오후 8:44:31[22m [36m[1m[vite][22m[39m [90m[2m(client)[22m[39m [32mhmr update [39m[2m/src/pages/Dashboard.tsx, /src/index.css[22m
[2m오후 8:44:51[22m [36m[1m[vite][22m[39m [90m[2m(client)[22m[39m [32mhmr update [39m[2m/src/pages/Dashboard.tsx, /src/index.css[22m
